<?xml version="1.0" encoding="UTF-8"?>
<coverage generated="1570731599597" clover="3.2.0">
  <project timestamp="1570731599597" name="All files">
    <metrics statements="51" coveredstatements="51" conditionals="12" coveredconditionals="9" methods="14" coveredmethods="14" elements="77" coveredelements="74" complexity="0" loc="51" ncloc="51" packages="3" files="5" classes="5"/>
    <package name="config">
      <metrics statements="19" coveredstatements="19" conditionals="6" coveredconditionals="3" methods="2" coveredmethods="2"/>
      <file name="express-server.js" path="/home/thiagoripardo/workspace/backend-test-01/teste-1/config/express-server.js">
        <metrics statements="19" coveredstatements="19" conditionals="6" coveredconditionals="3" methods="2" coveredmethods="2"/>
        <line num="1" count="3" type="stmt"/>
        <line num="2" count="3" type="stmt"/>
        <line num="3" count="3" type="stmt"/>
        <line num="4" count="3" type="stmt"/>
        <line num="5" count="3" type="stmt"/>
        <line num="6" count="3" type="stmt"/>
        <line num="8" count="3" type="stmt"/>
        <line num="11" count="5" type="stmt"/>
        <line num="13" count="5" type="cond" truecount="1" falsecount="1"/>
        <line num="16" count="5" type="cond" truecount="1" falsecount="1"/>
        <line num="17" count="5" type="stmt"/>
        <line num="19" count="5" type="stmt"/>
        <line num="22" count="5" type="stmt"/>
        <line num="25" count="5" type="stmt"/>
        <line num="30" count="5" type="stmt"/>
        <line num="33" count="5" type="cond" truecount="1" falsecount="1"/>
        <line num="35" count="5" type="stmt"/>
        <line num="36" count="5" type="stmt"/>
        <line num="39" count="5" type="stmt"/>
      </file>
    </package>
    <package name="routes">
      <metrics statements="13" coveredstatements="13" conditionals="2" coveredconditionals="2" methods="7" coveredmethods="7"/>
      <file name="analisys.js" path="/home/thiagoripardo/workspace/backend-test-01/teste-1/routes/analisys.js">
        <metrics statements="7" coveredstatements="7" conditionals="2" coveredconditionals="2" methods="3" coveredmethods="3"/>
        <line num="1" count="3" type="stmt"/>
        <line num="3" count="3" type="stmt"/>
        <line num="6" count="5" type="stmt"/>
        <line num="7" count="1" type="stmt"/>
        <line num="11" count="5" type="stmt"/>
        <line num="12" count="2" type="stmt"/>
        <line num="13" count="2" type="cond" truecount="2" falsecount="0"/>
      </file>
      <file name="root.js" path="/home/thiagoripardo/workspace/backend-test-01/teste-1/routes/root.js">
        <metrics statements="3" coveredstatements="3" conditionals="0" coveredconditionals="0" methods="2" coveredmethods="2"/>
        <line num="1" count="3" type="stmt"/>
        <line num="2" count="5" type="stmt"/>
        <line num="3" count="1" type="stmt"/>
      </file>
      <file name="users.js" path="/home/thiagoripardo/workspace/backend-test-01/teste-1/routes/users.js">
        <metrics statements="3" coveredstatements="3" conditionals="0" coveredconditionals="0" methods="2" coveredmethods="2"/>
        <line num="1" count="3" type="stmt"/>
        <line num="2" count="5" type="stmt"/>
        <line num="3" count="1" type="stmt"/>
      </file>
    </package>
    <package name="utils">
      <metrics statements="19" coveredstatements="19" conditionals="4" coveredconditionals="4" methods="5" coveredmethods="5"/>
      <file name="utils.js" path="/home/thiagoripardo/workspace/backend-test-01/teste-1/utils/utils.js">
        <metrics statements="19" coveredstatements="19" conditionals="4" coveredconditionals="4" methods="5" coveredmethods="5"/>
        <line num="1" count="3" type="stmt"/>
        <line num="3" count="3" type="stmt"/>
        <line num="5" count="2" type="stmt"/>
        <line num="8" count="3" type="stmt"/>
        <line num="9" count="2" type="stmt"/>
        <line num="10" count="2" type="stmt"/>
        <line num="11" count="1006" type="stmt"/>
        <line num="17" count="2" type="stmt"/>
        <line num="21" count="3" type="stmt"/>
        <line num="22" count="1" type="stmt"/>
        <line num="23" count="1" type="stmt"/>
        <line num="27" count="1" type="stmt"/>
        <line num="30" count="3" type="stmt"/>
        <line num="31" count="2" type="stmt"/>
        <line num="32" count="2" type="cond" truecount="4" falsecount="0"/>
        <line num="33" count="1" type="stmt"/>
        <line num="38" count="1" type="stmt"/>
        <line num="40" count="2" type="stmt"/>
        <line num="43" count="3" type="stmt"/>
      </file>
    </package>
  </project>
</coverage>
