{"/home/thiagoripardo/workspace/backend-test-01/teste-1/config/express-server.js": {"path":"/home/thiagoripardo/workspace/backend-test-01/teste-1/config/express-server.js","statementMap":{"0":{"start":{"line":1,"column":16},"end":{"line":1,"column":34}},"1":{"start":{"line":2,"column":13},"end":{"line":2,"column":28}},"2":{"start":{"line":3,"column":19},"end":{"line":3,"column":41}},"3":{"start":{"line":4,"column":15},"end":{"line":4,"column":32}},"4":{"start":{"line":5,"column":16},"end":{"line":5,"column":34}},"5":{"start":{"line":6,"column":0},"end":{"line":6,"column":25}},"6":{"start":{"line":8,"column":0},"end":{"line":40,"column":2}},"7":{"start":{"line":11,"column":14},"end":{"line":11,"column":23}},"8":{"start":{"line":13,"column":16},"end":{"line":13,"column":59}},"9":{"start":{"line":16,"column":2},"end":{"line":18,"column":3}},"10":{"start":{"line":17,"column":4},"end":{"line":17,"column":27}},"11":{"start":{"line":19,"column":2},"end":{"line":21,"column":6}},"12":{"start":{"line":22,"column":2},"end":{"line":22,"column":29}},"13":{"start":{"line":25,"column":2},"end":{"line":27,"column":13}},"14":{"start":{"line":30,"column":17},"end":{"line":30,"column":39}},"15":{"start":{"line":33,"column":15},"end":{"line":33,"column":39}},"16":{"start":{"line":35,"column":2},"end":{"line":37,"column":4}},"17":{"start":{"line":36,"column":4},"end":{"line":36,"column":64}},"18":{"start":{"line":39,"column":2},"end":{"line":39,"column":16}}},"fnMap":{"0":{"name":"(anonymous_0)","decl":{"start":{"line":8,"column":17},"end":{"line":8,"column":18}},"loc":{"start":{"line":8,"column":23},"end":{"line":40,"column":1}},"line":8},"1":{"name":"(anonymous_1)","decl":{"start":{"line":35,"column":22},"end":{"line":35,"column":23}},"loc":{"start":{"line":35,"column":28},"end":{"line":37,"column":3}},"line":35}},"branchMap":{"0":{"loc":{"start":{"line":13,"column":16},"end":{"line":13,"column":59}},"type":"binary-expr","locations":[{"start":{"line":13,"column":16},"end":{"line":13,"column":50}},{"start":{"line":13,"column":54},"end":{"line":13,"column":59}}],"line":13},"1":{"loc":{"start":{"line":16,"column":2},"end":{"line":18,"column":3}},"type":"if","locations":[{"start":{"line":16,"column":2},"end":{"line":18,"column":3}},{"start":{"line":16,"column":2},"end":{"line":18,"column":3}}],"line":16},"2":{"loc":{"start":{"line":33,"column":15},"end":{"line":33,"column":39}},"type":"binary-expr","locations":[{"start":{"line":33,"column":15},"end":{"line":33,"column":31}},{"start":{"line":33,"column":35},"end":{"line":33,"column":39}}],"line":33}},"s":{"0":3,"1":3,"2":3,"3":3,"4":3,"5":3,"6":3,"7":5,"8":5,"9":5,"10":5,"11":5,"12":5,"13":5,"14":5,"15":5,"16":5,"17":5,"18":5},"f":{"0":5,"1":5},"b":{"0":[5,0],"1":[5,0],"2":[5,0]},"_coverageSchema":"43e27e138ebf9cfc5966b082cf9a028302ed4184","hash":"03dd41f60a157e3ee4f3e30b068ce41c6193c77d"}
,"/home/thiagoripardo/workspace/backend-test-01/teste-1/routes/analisys.js": {"path":"/home/thiagoripardo/workspace/backend-test-01/teste-1/routes/analisys.js","statementMap":{"0":{"start":{"line":1,"column":14},"end":{"line":1,"column":39}},"1":{"start":{"line":3,"column":0},"end":{"line":15,"column":1}},"2":{"start":{"line":6,"column":4},"end":{"line":8,"column":6}},"3":{"start":{"line":7,"column":8},"end":{"line":7,"column":38}},"4":{"start":{"line":11,"column":4},"end":{"line":14,"column":6}},"5":{"start":{"line":12,"column":27},"end":{"line":12,"column":71}},"6":{"start":{"line":13,"column":8},"end":{"line":13,"column":136}}},"fnMap":{"0":{"name":"(anonymous_0)","decl":{"start":{"line":3,"column":17},"end":{"line":3,"column":18}},"loc":{"start":{"line":3,"column":26},"end":{"line":15,"column":1}},"line":3},"1":{"name":"(anonymous_1)","decl":{"start":{"line":6,"column":25},"end":{"line":6,"column":26}},"loc":{"start":{"line":6,"column":45},"end":{"line":8,"column":5}},"line":6},"2":{"name":"(anonymous_2)","decl":{"start":{"line":11,"column":37},"end":{"line":11,"column":38}},"loc":{"start":{"line":11,"column":57},"end":{"line":14,"column":5}},"line":11}},"branchMap":{"0":{"loc":{"start":{"line":13,"column":8},"end":{"line":13,"column":135}},"type":"cond-expr","locations":[{"start":{"line":13,"column":23},"end":{"line":13,"column":45}},{"start":{"line":13,"column":48},"end":{"line":13,"column":135}}],"line":13}},"s":{"0":3,"1":3,"2":5,"3":1,"4":5,"5":2,"6":2},"f":{"0":5,"1":1,"2":2},"b":{"0":[1,1]},"_coverageSchema":"43e27e138ebf9cfc5966b082cf9a028302ed4184","hash":"b9b8b381eff9c3bfde787f64c9b6e0ff449b2a27"}
,"/home/thiagoripardo/workspace/backend-test-01/teste-1/routes/root.js": {"path":"/home/thiagoripardo/workspace/backend-test-01/teste-1/routes/root.js","statementMap":{"0":{"start":{"line":1,"column":0},"end":{"line":7,"column":1}},"1":{"start":{"line":2,"column":4},"end":{"line":6,"column":6}},"2":{"start":{"line":3,"column":8},"end":{"line":5,"column":11}}},"fnMap":{"0":{"name":"(anonymous_0)","decl":{"start":{"line":1,"column":17},"end":{"line":1,"column":18}},"loc":{"start":{"line":1,"column":26},"end":{"line":7,"column":1}},"line":1},"1":{"name":"(anonymous_1)","decl":{"start":{"line":2,"column":17},"end":{"line":2,"column":18}},"loc":{"start":{"line":2,"column":37},"end":{"line":6,"column":5}},"line":2}},"branchMap":{},"s":{"0":3,"1":5,"2":1},"f":{"0":5,"1":1},"b":{},"_coverageSchema":"43e27e138ebf9cfc5966b082cf9a028302ed4184","hash":"287910c408d5b7c94888903588fd47005cea8d28"}
,"/home/thiagoripardo/workspace/backend-test-01/teste-1/routes/users.js": {"path":"/home/thiagoripardo/workspace/backend-test-01/teste-1/routes/users.js","statementMap":{"0":{"start":{"line":1,"column":0},"end":{"line":5,"column":1}},"1":{"start":{"line":2,"column":4},"end":{"line":4,"column":6}},"2":{"start":{"line":3,"column":8},"end":{"line":3,"column":32}}},"fnMap":{"0":{"name":"(anonymous_0)","decl":{"start":{"line":1,"column":17},"end":{"line":1,"column":18}},"loc":{"start":{"line":1,"column":26},"end":{"line":5,"column":1}},"line":1},"1":{"name":"(anonymous_1)","decl":{"start":{"line":2,"column":22},"end":{"line":2,"column":23}},"loc":{"start":{"line":2,"column":42},"end":{"line":4,"column":5}},"line":2}},"branchMap":{},"s":{"0":3,"1":5,"2":1},"f":{"0":5,"1":1},"b":{},"_coverageSchema":"43e27e138ebf9cfc5966b082cf9a028302ed4184","hash":"1e307f2697027866cc9bba60282a36a526e24654"}
,"/home/thiagoripardo/workspace/backend-test-01/teste-1/utils/utils.js": {"path":"/home/thiagoripardo/workspace/backend-test-01/teste-1/utils/utils.js","statementMap":{"0":{"start":{"line":1,"column":17},"end":{"line":1,"column":49}},"1":{"start":{"line":3,"column":35},"end":{"line":6,"column":1}},"2":{"start":{"line":5,"column":4},"end":{"line":5,"column":37}},"3":{"start":{"line":8,"column":35},"end":{"line":18,"column":1}},"4":{"start":{"line":9,"column":24},"end":{"line":9,"column":26}},"5":{"start":{"line":10,"column":4},"end":{"line":16,"column":7}},"6":{"start":{"line":11,"column":8},"end":{"line":15,"column":10}},"7":{"start":{"line":17,"column":4},"end":{"line":17,"column":25}},"8":{"start":{"line":21,"column":20},"end":{"line":28,"column":1}},"9":{"start":{"line":22,"column":23},"end":{"line":22,"column":25}},"10":{"start":{"line":23,"column":4},"end":{"line":26,"column":5}},"11":{"start":{"line":27,"column":4},"end":{"line":27,"column":24}},"12":{"start":{"line":30,"column":24},"end":{"line":41,"column":1}},"13":{"start":{"line":31,"column":23},"end":{"line":31,"column":25}},"14":{"start":{"line":32,"column":4},"end":{"line":39,"column":5}},"15":{"start":{"line":33,"column":8},"end":{"line":36,"column":9}},"16":{"start":{"line":38,"column":8},"end":{"line":38,"column":32}},"17":{"start":{"line":40,"column":4},"end":{"line":40,"column":24}},"18":{"start":{"line":43,"column":0},"end":{"line":48,"column":1}}},"fnMap":{"0":{"name":"(anonymous_0)","decl":{"start":{"line":3,"column":35},"end":{"line":3,"column":36}},"loc":{"start":{"line":3,"column":52},"end":{"line":6,"column":1}},"line":3},"1":{"name":"(anonymous_1)","decl":{"start":{"line":8,"column":35},"end":{"line":8,"column":36}},"loc":{"start":{"line":8,"column":52},"end":{"line":18,"column":1}},"line":8},"2":{"name":"(anonymous_2)","decl":{"start":{"line":10,"column":18},"end":{"line":10,"column":19}},"loc":{"start":{"line":10,"column":29},"end":{"line":16,"column":5}},"line":10},"3":{"name":"(anonymous_3)","decl":{"start":{"line":21,"column":20},"end":{"line":21,"column":21}},"loc":{"start":{"line":21,"column":26},"end":{"line":28,"column":1}},"line":21},"4":{"name":"(anonymous_4)","decl":{"start":{"line":30,"column":24},"end":{"line":30,"column":25}},"loc":{"start":{"line":30,"column":32},"end":{"line":41,"column":1}},"line":30}},"branchMap":{"0":{"loc":{"start":{"line":32,"column":4},"end":{"line":39,"column":5}},"type":"if","locations":[{"start":{"line":32,"column":4},"end":{"line":39,"column":5}},{"start":{"line":32,"column":4},"end":{"line":39,"column":5}}],"line":32},"1":{"loc":{"start":{"line":32,"column":7},"end":{"line":32,"column":69}},"type":"binary-expr","locations":[{"start":{"line":32,"column":7},"end":{"line":32,"column":45}},{"start":{"line":32,"column":49},"end":{"line":32,"column":69}}],"line":32}},"s":{"0":3,"1":3,"2":2,"3":3,"4":2,"5":2,"6":1006,"7":2,"8":3,"9":1,"10":1,"11":1,"12":3,"13":2,"14":2,"15":1,"16":1,"17":2,"18":3},"f":{"0":2,"1":2,"2":1006,"3":1,"4":2},"b":{"0":[1,1],"1":[2,2]},"_coverageSchema":"43e27e138ebf9cfc5966b082cf9a028302ed4184","hash":"84f4a234fbf8020f5f22749c41853b129933a2d6"}
}
