{"/home/thiagoripardo/workspace/backend-test-01/teste-1/config/express-server.js": {"path":"/home/thiagoripardo/workspace/backend-test-01/teste-1/config/express-server.js","statementMap":{"0":{"start":{"line":1,"column":16},"end":{"line":1,"column":34}},"1":{"start":{"line":2,"column":13},"end":{"line":2,"column":28}},"2":{"start":{"line":3,"column":19},"end":{"line":3,"column":41}},"3":{"start":{"line":4,"column":15},"end":{"line":4,"column":32}},"4":{"start":{"line":5,"column":16},"end":{"line":5,"column":34}},"5":{"start":{"line":6,"column":0},"end":{"line":6,"column":25}},"6":{"start":{"line":8,"column":0},"end":{"line":40,"column":2}},"7":{"start":{"line":11,"column":14},"end":{"line":11,"column":23}},"8":{"start":{"line":13,"column":16},"end":{"line":13,"column":59}},"9":{"start":{"line":16,"column":2},"end":{"line":18,"column":3}},"10":{"start":{"line":17,"column":4},"end":{"line":17,"column":27}},"11":{"start":{"line":19,"column":2},"end":{"line":21,"column":6}},"12":{"start":{"line":22,"column":2},"end":{"line":22,"column":29}},"13":{"start":{"line":25,"column":2},"end":{"line":27,"column":13}},"14":{"start":{"line":30,"column":17},"end":{"line":30,"column":39}},"15":{"start":{"line":33,"column":15},"end":{"line":33,"column":39}},"16":{"start":{"line":35,"column":2},"end":{"line":37,"column":4}},"17":{"start":{"line":36,"column":4},"end":{"line":36,"column":64}},"18":{"start":{"line":39,"column":2},"end":{"line":39,"column":16}}},"fnMap":{"0":{"name":"(anonymous_0)","decl":{"start":{"line":8,"column":17},"end":{"line":8,"column":18}},"loc":{"start":{"line":8,"column":23},"end":{"line":40,"column":1}},"line":8},"1":{"name":"(anonymous_1)","decl":{"start":{"line":35,"column":22},"end":{"line":35,"column":23}},"loc":{"start":{"line":35,"column":28},"end":{"line":37,"column":3}},"line":35}},"branchMap":{"0":{"loc":{"start":{"line":13,"column":16},"end":{"line":13,"column":59}},"type":"binary-expr","locations":[{"start":{"line":13,"column":16},"end":{"line":13,"column":50}},{"start":{"line":13,"column":54},"end":{"line":13,"column":59}}],"line":13},"1":{"loc":{"start":{"line":16,"column":2},"end":{"line":18,"column":3}},"type":"if","locations":[{"start":{"line":16,"column":2},"end":{"line":18,"column":3}},{"start":{"line":16,"column":2},"end":{"line":18,"column":3}}],"line":16},"2":{"loc":{"start":{"line":33,"column":15},"end":{"line":33,"column":39}},"type":"binary-expr","locations":[{"start":{"line":33,"column":15},"end":{"line":33,"column":31}},{"start":{"line":33,"column":35},"end":{"line":33,"column":39}}],"line":33}},"s":{"0":3,"1":3,"2":3,"3":3,"4":3,"5":3,"6":3,"7":10,"8":10,"9":10,"10":0,"11":10,"12":10,"13":10,"14":10,"15":10,"16":10,"17":10,"18":10},"f":{"0":10,"1":10},"b":{"0":[10,10],"1":[0,10],"2":[10,0]},"_coverageSchema":"43e27e138ebf9cfc5966b082cf9a028302ed4184","hash":"03dd41f60a157e3ee4f3e30b068ce41c6193c77d"}
,"/home/thiagoripardo/workspace/backend-test-01/teste-1/controllers/analisysController.js": {"path":"/home/thiagoripardo/workspace/backend-test-01/teste-1/controllers/analisysController.js","statementMap":{"0":{"start":{"line":1,"column":14},"end":{"line":1,"column":39}},"1":{"start":{"line":4,"column":0},"end":{"line":6,"column":1}},"2":{"start":{"line":5,"column":4},"end":{"line":5,"column":34}},"3":{"start":{"line":9,"column":0},"end":{"line":12,"column":1}},"4":{"start":{"line":10,"column":23},"end":{"line":10,"column":67}},"5":{"start":{"line":11,"column":4},"end":{"line":11,"column":132}}},"fnMap":{"0":{"name":"(anonymous_0)","decl":{"start":{"line":4,"column":23},"end":{"line":4,"column":24}},"loc":{"start":{"line":4,"column":37},"end":{"line":6,"column":1}},"line":4},"1":{"name":"(anonymous_1)","decl":{"start":{"line":9,"column":25},"end":{"line":9,"column":26}},"loc":{"start":{"line":9,"column":39},"end":{"line":12,"column":1}},"line":9}},"branchMap":{"0":{"loc":{"start":{"line":11,"column":4},"end":{"line":11,"column":131}},"type":"cond-expr","locations":[{"start":{"line":11,"column":19},"end":{"line":11,"column":41}},{"start":{"line":11,"column":44},"end":{"line":11,"column":131}}],"line":11}},"s":{"0":3,"1":3,"2":1,"3":3,"4":2,"5":2},"f":{"0":1,"1":2},"b":{"0":[1,1]},"_coverageSchema":"43e27e138ebf9cfc5966b082cf9a028302ed4184","hash":"6eb4b1572511f4558c1c229317dc2557b6db02f5"}
,"/home/thiagoripardo/workspace/backend-test-01/teste-1/controllers/userController.js": {"path":"/home/thiagoripardo/workspace/backend-test-01/teste-1/controllers/userController.js","statementMap":{"0":{"start":{"line":1,"column":14},"end":{"line":1,"column":39}},"1":{"start":{"line":4,"column":0},"end":{"line":34,"column":1}},"2":{"start":{"line":5,"column":23},"end":{"line":5,"column":25}},"3":{"start":{"line":6,"column":16},"end":{"line":6,"column":32}},"4":{"start":{"line":9,"column":4},"end":{"line":16,"column":6}},"5":{"start":{"line":10,"column":19},"end":{"line":10,"column":50}},"6":{"start":{"line":11,"column":8},"end":{"line":15,"column":10}},"7":{"start":{"line":19,"column":4},"end":{"line":21,"column":5}},"8":{"start":{"line":20,"column":8},"end":{"line":20,"column":78}},"9":{"start":{"line":24,"column":4},"end":{"line":26,"column":5}},"10":{"start":{"line":25,"column":8},"end":{"line":25,"column":88}},"11":{"start":{"line":29,"column":4},"end":{"line":31,"column":5}},"12":{"start":{"line":30,"column":8},"end":{"line":30,"column":113}},"13":{"start":{"line":33,"column":4},"end":{"line":33,"column":27}},"14":{"start":{"line":37,"column":0},"end":{"line":40,"column":1}},"15":{"start":{"line":38,"column":23},"end":{"line":38,"column":68}},"16":{"start":{"line":39,"column":4},"end":{"line":39,"column":130}}},"fnMap":{"0":{"name":"(anonymous_0)","decl":{"start":{"line":4,"column":19},"end":{"line":4,"column":20}},"loc":{"start":{"line":4,"column":33},"end":{"line":34,"column":1}},"line":4},"1":{"name":"(anonymous_1)","decl":{"start":{"line":9,"column":18},"end":{"line":9,"column":19}},"loc":{"start":{"line":9,"column":26},"end":{"line":16,"column":5}},"line":9},"2":{"name":"(anonymous_2)","decl":{"start":{"line":37,"column":21},"end":{"line":37,"column":22}},"loc":{"start":{"line":37,"column":35},"end":{"line":40,"column":1}},"line":37}},"branchMap":{"0":{"loc":{"start":{"line":13,"column":18},"end":{"line":13,"column":44}},"type":"cond-expr","locations":[{"start":{"line":13,"column":25},"end":{"line":13,"column":39}},{"start":{"line":13,"column":42},"end":{"line":13,"column":44}}],"line":13},"1":{"loc":{"start":{"line":14,"column":21},"end":{"line":14,"column":65}},"type":"cond-expr","locations":[{"start":{"line":14,"column":28},"end":{"line":14,"column":61}},{"start":{"line":14,"column":63},"end":{"line":14,"column":65}}],"line":14},"2":{"loc":{"start":{"line":19,"column":4},"end":{"line":21,"column":5}},"type":"if","locations":[{"start":{"line":19,"column":4},"end":{"line":21,"column":5}},{"start":{"line":19,"column":4},"end":{"line":21,"column":5}}],"line":19},"3":{"loc":{"start":{"line":24,"column":4},"end":{"line":26,"column":5}},"type":"if","locations":[{"start":{"line":24,"column":4},"end":{"line":26,"column":5}},{"start":{"line":24,"column":4},"end":{"line":26,"column":5}}],"line":24},"4":{"loc":{"start":{"line":24,"column":7},"end":{"line":24,"column":43}},"type":"binary-expr","locations":[{"start":{"line":24,"column":7},"end":{"line":24,"column":24}},{"start":{"line":24,"column":28},"end":{"line":24,"column":43}}],"line":24},"5":{"loc":{"start":{"line":29,"column":4},"end":{"line":31,"column":5}},"type":"if","locations":[{"start":{"line":29,"column":4},"end":{"line":31,"column":5}},{"start":{"line":29,"column":4},"end":{"line":31,"column":5}}],"line":29},"6":{"loc":{"start":{"line":29,"column":7},"end":{"line":29,"column":49}},"type":"binary-expr","locations":[{"start":{"line":29,"column":7},"end":{"line":29,"column":25}},{"start":{"line":29,"column":29},"end":{"line":29,"column":49}}],"line":29},"7":{"loc":{"start":{"line":39,"column":4},"end":{"line":39,"column":129}},"type":"cond-expr","locations":[{"start":{"line":39,"column":19},"end":{"line":39,"column":41}},{"start":{"line":39,"column":44},"end":{"line":39,"column":129}}],"line":39}},"s":{"0":3,"1":3,"2":4,"3":4,"4":4,"5":68,"6":68,"7":4,"8":1,"9":4,"10":1,"11":4,"12":1,"13":4,"14":3,"15":2,"16":2},"f":{"0":4,"1":68,"2":2},"b":{"0":[52,16],"1":[52,16],"2":[1,3],"3":[1,3],"4":[4,1],"5":[1,3],"6":[4,1],"7":[1,1]},"_coverageSchema":"43e27e138ebf9cfc5966b082cf9a028302ed4184","hash":"a293c30daf4a68fe07b6d4875ea17ee392d40a12"}
,"/home/thiagoripardo/workspace/backend-test-01/teste-1/routes/analisys.js": {"path":"/home/thiagoripardo/workspace/backend-test-01/teste-1/routes/analisys.js","statementMap":{"0":{"start":{"line":1,"column":27},"end":{"line":1,"column":71}},"1":{"start":{"line":3,"column":0},"end":{"line":10,"column":1}},"2":{"start":{"line":6,"column":4},"end":{"line":6,"column":58}},"3":{"start":{"line":9,"column":4},"end":{"line":9,"column":72}}},"fnMap":{"0":{"name":"(anonymous_0)","decl":{"start":{"line":3,"column":17},"end":{"line":3,"column":18}},"loc":{"start":{"line":3,"column":26},"end":{"line":10,"column":1}},"line":3}},"branchMap":{},"s":{"0":3,"1":3,"2":10,"3":10},"f":{"0":10},"b":{},"_coverageSchema":"43e27e138ebf9cfc5966b082cf9a028302ed4184","hash":"0951b91b46b1f0937f5fe748ff32520564b8d4fb"}
,"/home/thiagoripardo/workspace/backend-test-01/teste-1/routes/root.js": {"path":"/home/thiagoripardo/workspace/backend-test-01/teste-1/routes/root.js","statementMap":{"0":{"start":{"line":1,"column":0},"end":{"line":7,"column":1}},"1":{"start":{"line":2,"column":4},"end":{"line":6,"column":6}},"2":{"start":{"line":3,"column":8},"end":{"line":5,"column":11}}},"fnMap":{"0":{"name":"(anonymous_0)","decl":{"start":{"line":1,"column":17},"end":{"line":1,"column":18}},"loc":{"start":{"line":1,"column":26},"end":{"line":7,"column":1}},"line":1},"1":{"name":"(anonymous_1)","decl":{"start":{"line":2,"column":17},"end":{"line":2,"column":18}},"loc":{"start":{"line":2,"column":37},"end":{"line":6,"column":5}},"line":2}},"branchMap":{},"s":{"0":3,"1":10,"2":1},"f":{"0":10,"1":1},"b":{},"_coverageSchema":"43e27e138ebf9cfc5966b082cf9a028302ed4184","hash":"287910c408d5b7c94888903588fd47005cea8d28"}
,"/home/thiagoripardo/workspace/backend-test-01/teste-1/routes/user.js": {"path":"/home/thiagoripardo/workspace/backend-test-01/teste-1/routes/user.js","statementMap":{"0":{"start":{"line":1,"column":23},"end":{"line":1,"column":63}},"1":{"start":{"line":3,"column":0},"end":{"line":7,"column":1}},"2":{"start":{"line":4,"column":4},"end":{"line":4,"column":47}},"3":{"start":{"line":6,"column":4},"end":{"line":6,"column":59}}},"fnMap":{"0":{"name":"(anonymous_0)","decl":{"start":{"line":3,"column":17},"end":{"line":3,"column":18}},"loc":{"start":{"line":3,"column":26},"end":{"line":7,"column":1}},"line":3}},"branchMap":{},"s":{"0":3,"1":3,"2":10,"3":10},"f":{"0":10},"b":{},"_coverageSchema":"43e27e138ebf9cfc5966b082cf9a028302ed4184","hash":"cc5a42a1f300051ccc4ee54ec475c0585b6c393a"}
,"/home/thiagoripardo/workspace/backend-test-01/teste-1/utils/utils.js": {"path":"/home/thiagoripardo/workspace/backend-test-01/teste-1/utils/utils.js","statementMap":{"0":{"start":{"line":1,"column":17},"end":{"line":1,"column":54}},"1":{"start":{"line":2,"column":14},"end":{"line":2,"column":47}},"2":{"start":{"line":3,"column":16},"end":{"line":3,"column":51}},"3":{"start":{"line":4,"column":14},"end":{"line":4,"column":47}},"4":{"start":{"line":5,"column":16},"end":{"line":5,"column":51}},"5":{"start":{"line":6,"column":21},"end":{"line":6,"column":63}},"6":{"start":{"line":7,"column":20},"end":{"line":7,"column":61}},"7":{"start":{"line":8,"column":19},"end":{"line":8,"column":59}},"8":{"start":{"line":11,"column":35},"end":{"line":17,"column":1}},"9":{"start":{"line":13,"column":4},"end":{"line":16,"column":6}},"10":{"start":{"line":20,"column":35},"end":{"line":30,"column":1}},"11":{"start":{"line":21,"column":24},"end":{"line":21,"column":26}},"12":{"start":{"line":22,"column":4},"end":{"line":28,"column":7}},"13":{"start":{"line":23,"column":8},"end":{"line":27,"column":10}},"14":{"start":{"line":29,"column":4},"end":{"line":29,"column":25}},"15":{"start":{"line":33,"column":20},"end":{"line":40,"column":1}},"16":{"start":{"line":34,"column":23},"end":{"line":34,"column":25}},"17":{"start":{"line":35,"column":4},"end":{"line":38,"column":5}},"18":{"start":{"line":39,"column":4},"end":{"line":39,"column":24}},"19":{"start":{"line":44,"column":24},"end":{"line":55,"column":1}},"20":{"start":{"line":45,"column":23},"end":{"line":45,"column":25}},"21":{"start":{"line":46,"column":4},"end":{"line":53,"column":5}},"22":{"start":{"line":47,"column":8},"end":{"line":50,"column":9}},"23":{"start":{"line":52,"column":8},"end":{"line":52,"column":32}},"24":{"start":{"line":54,"column":4},"end":{"line":54,"column":24}},"25":{"start":{"line":58,"column":17},"end":{"line":60,"column":1}},"26":{"start":{"line":59,"column":4},"end":{"line":59,"column":17}},"27":{"start":{"line":63,"column":27},"end":{"line":69,"column":1}},"28":{"start":{"line":65,"column":4},"end":{"line":67,"column":5}},"29":{"start":{"line":66,"column":8},"end":{"line":66,"column":75}},"30":{"start":{"line":66,"column":38},"end":{"line":66,"column":72}},"31":{"start":{"line":68,"column":4},"end":{"line":68,"column":16}},"32":{"start":{"line":72,"column":20},"end":{"line":75,"column":1}},"33":{"start":{"line":73,"column":15},"end":{"line":73,"column":57}},"34":{"start":{"line":73,"column":38},"end":{"line":73,"column":55}},"35":{"start":{"line":74,"column":4},"end":{"line":74,"column":16}},"36":{"start":{"line":78,"column":27},"end":{"line":89,"column":1}},"37":{"start":{"line":79,"column":26},"end":{"line":79,"column":28}},"38":{"start":{"line":80,"column":29},"end":{"line":80,"column":83}},"39":{"start":{"line":80,"column":59},"end":{"line":80,"column":81}},"40":{"start":{"line":82,"column":4},"end":{"line":86,"column":6}},"41":{"start":{"line":83,"column":8},"end":{"line":85,"column":75}},"42":{"start":{"line":84,"column":32},"end":{"line":84,"column":64}},"43":{"start":{"line":85,"column":29},"end":{"line":85,"column":72}},"44":{"start":{"line":88,"column":4},"end":{"line":88,"column":27}},"45":{"start":{"line":92,"column":20},"end":{"line":94,"column":1}},"46":{"start":{"line":93,"column":4},"end":{"line":93,"column":60}},"47":{"start":{"line":93,"column":36},"end":{"line":93,"column":57}},"48":{"start":{"line":97,"column":18},"end":{"line":109,"column":1}},"49":{"start":{"line":98,"column":4},"end":{"line":108,"column":7}},"50":{"start":{"line":99,"column":16},"end":{"line":99,"column":22}},"51":{"start":{"line":100,"column":16},"end":{"line":100,"column":22}},"52":{"start":{"line":101,"column":8},"end":{"line":107,"column":9}},"53":{"start":{"line":102,"column":12},"end":{"line":102,"column":54}},"54":{"start":{"line":103,"column":15},"end":{"line":107,"column":9}},"55":{"start":{"line":104,"column":12},"end":{"line":104,"column":54}},"56":{"start":{"line":106,"column":12},"end":{"line":106,"column":21}},"57":{"start":{"line":112,"column":17},"end":{"line":115,"column":1}},"58":{"start":{"line":113,"column":4},"end":{"line":113,"column":17}},"59":{"start":{"line":114,"column":4},"end":{"line":114,"column":75}},"60":{"start":{"line":117,"column":0},"end":{"line":129,"column":1}}},"fnMap":{"0":{"name":"(anonymous_0)","decl":{"start":{"line":11,"column":35},"end":{"line":11,"column":36}},"loc":{"start":{"line":11,"column":52},"end":{"line":17,"column":1}},"line":11},"1":{"name":"(anonymous_1)","decl":{"start":{"line":20,"column":35},"end":{"line":20,"column":36}},"loc":{"start":{"line":20,"column":52},"end":{"line":30,"column":1}},"line":20},"2":{"name":"(anonymous_2)","decl":{"start":{"line":22,"column":18},"end":{"line":22,"column":19}},"loc":{"start":{"line":22,"column":29},"end":{"line":28,"column":5}},"line":22},"3":{"name":"(anonymous_3)","decl":{"start":{"line":33,"column":20},"end":{"line":33,"column":21}},"loc":{"start":{"line":33,"column":26},"end":{"line":40,"column":1}},"line":33},"4":{"name":"(anonymous_4)","decl":{"start":{"line":44,"column":24},"end":{"line":44,"column":25}},"loc":{"start":{"line":44,"column":32},"end":{"line":55,"column":1}},"line":44},"5":{"name":"(anonymous_5)","decl":{"start":{"line":58,"column":17},"end":{"line":58,"column":18}},"loc":{"start":{"line":58,"column":23},"end":{"line":60,"column":1}},"line":58},"6":{"name":"(anonymous_6)","decl":{"start":{"line":63,"column":27},"end":{"line":63,"column":28}},"loc":{"start":{"line":63,"column":35},"end":{"line":69,"column":1}},"line":63},"7":{"name":"(anonymous_7)","decl":{"start":{"line":66,"column":26},"end":{"line":66,"column":27}},"loc":{"start":{"line":66,"column":38},"end":{"line":66,"column":72}},"line":66},"8":{"name":"(anonymous_8)","decl":{"start":{"line":72,"column":20},"end":{"line":72,"column":21}},"loc":{"start":{"line":72,"column":28},"end":{"line":75,"column":1}},"line":72},"9":{"name":"(anonymous_9)","decl":{"start":{"line":73,"column":26},"end":{"line":73,"column":27}},"loc":{"start":{"line":73,"column":38},"end":{"line":73,"column":55}},"line":73},"10":{"name":"(anonymous_10)","decl":{"start":{"line":78,"column":27},"end":{"line":78,"column":28}},"loc":{"start":{"line":78,"column":35},"end":{"line":89,"column":1}},"line":78},"11":{"name":"(anonymous_11)","decl":{"start":{"line":80,"column":47},"end":{"line":80,"column":48}},"loc":{"start":{"line":80,"column":59},"end":{"line":80,"column":81}},"line":80},"12":{"name":"(anonymous_12)","decl":{"start":{"line":82,"column":31},"end":{"line":82,"column":32}},"loc":{"start":{"line":82,"column":42},"end":{"line":86,"column":5}},"line":82},"13":{"name":"(anonymous_13)","decl":{"start":{"line":84,"column":20},"end":{"line":84,"column":21}},"loc":{"start":{"line":84,"column":32},"end":{"line":84,"column":64}},"line":84},"14":{"name":"(anonymous_14)","decl":{"start":{"line":85,"column":17},"end":{"line":85,"column":18}},"loc":{"start":{"line":85,"column":29},"end":{"line":85,"column":72}},"line":85},"15":{"name":"(anonymous_15)","decl":{"start":{"line":92,"column":20},"end":{"line":92,"column":21}},"loc":{"start":{"line":92,"column":43},"end":{"line":94,"column":1}},"line":92},"16":{"name":"(anonymous_16)","decl":{"start":{"line":93,"column":24},"end":{"line":93,"column":25}},"loc":{"start":{"line":93,"column":36},"end":{"line":93,"column":57}},"line":93},"17":{"name":"(anonymous_17)","decl":{"start":{"line":97,"column":18},"end":{"line":97,"column":19}},"loc":{"start":{"line":97,"column":41},"end":{"line":109,"column":1}},"line":97},"18":{"name":"(anonymous_18)","decl":{"start":{"line":98,"column":22},"end":{"line":98,"column":23}},"loc":{"start":{"line":98,"column":32},"end":{"line":108,"column":5}},"line":98},"19":{"name":"(anonymous_19)","decl":{"start":{"line":112,"column":17},"end":{"line":112,"column":18}},"loc":{"start":{"line":112,"column":50},"end":{"line":115,"column":1}},"line":112}},"branchMap":{"0":{"loc":{"start":{"line":46,"column":4},"end":{"line":53,"column":5}},"type":"if","locations":[{"start":{"line":46,"column":4},"end":{"line":53,"column":5}},{"start":{"line":46,"column":4},"end":{"line":53,"column":5}}],"line":46},"1":{"loc":{"start":{"line":46,"column":8},"end":{"line":46,"column":70}},"type":"binary-expr","locations":[{"start":{"line":46,"column":8},"end":{"line":46,"column":46}},{"start":{"line":46,"column":50},"end":{"line":46,"column":70}}],"line":46},"2":{"loc":{"start":{"line":65,"column":4},"end":{"line":67,"column":5}},"type":"if","locations":[{"start":{"line":65,"column":4},"end":{"line":67,"column":5}},{"start":{"line":65,"column":4},"end":{"line":67,"column":5}}],"line":65},"3":{"loc":{"start":{"line":101,"column":8},"end":{"line":107,"column":9}},"type":"if","locations":[{"start":{"line":101,"column":8},"end":{"line":107,"column":9}},{"start":{"line":101,"column":8},"end":{"line":107,"column":9}}],"line":101},"4":{"loc":{"start":{"line":102,"column":20},"end":{"line":102,"column":52}},"type":"cond-expr","locations":[{"start":{"line":102,"column":30},"end":{"line":102,"column":32}},{"start":{"line":102,"column":36},"end":{"line":102,"column":51}}],"line":102},"5":{"loc":{"start":{"line":102,"column":36},"end":{"line":102,"column":51}},"type":"cond-expr","locations":[{"start":{"line":102,"column":46},"end":{"line":102,"column":47}},{"start":{"line":102,"column":50},"end":{"line":102,"column":51}}],"line":102},"6":{"loc":{"start":{"line":103,"column":15},"end":{"line":107,"column":9}},"type":"if","locations":[{"start":{"line":103,"column":15},"end":{"line":107,"column":9}},{"start":{"line":103,"column":15},"end":{"line":107,"column":9}}],"line":103},"7":{"loc":{"start":{"line":104,"column":20},"end":{"line":104,"column":52}},"type":"cond-expr","locations":[{"start":{"line":104,"column":30},"end":{"line":104,"column":31}},{"start":{"line":104,"column":35},"end":{"line":104,"column":51}}],"line":104},"8":{"loc":{"start":{"line":104,"column":35},"end":{"line":104,"column":51}},"type":"cond-expr","locations":[{"start":{"line":104,"column":45},"end":{"line":104,"column":47}},{"start":{"line":104,"column":50},"end":{"line":104,"column":51}}],"line":104}},"s":{"0":3,"1":3,"2":3,"3":3,"4":3,"5":3,"6":3,"7":3,"8":3,"9":2,"10":3,"11":2,"12":2,"13":1006,"14":2,"15":3,"16":1,"17":1,"18":1,"19":3,"20":2,"21":2,"22":1,"23":1,"24":2,"25":3,"26":4,"27":3,"28":2,"29":1,"30":2,"31":2,"32":3,"33":68,"34":640,"35":68,"36":3,"37":52,"38":52,"39":1092,"40":52,"41":68,"42":680,"43":68,"44":52,"45":3,"46":1,"47":17,"48":3,"49":1,"50":45,"51":45,"52":45,"53":0,"54":45,"55":45,"56":0,"57":3,"58":1,"59":1,"60":3},"f":{"0":2,"1":2,"2":1006,"3":1,"4":2,"5":4,"6":2,"7":2,"8":68,"9":640,"10":52,"11":1092,"12":68,"13":680,"14":68,"15":1,"16":17,"17":1,"18":45,"19":1},"b":{"0":[1,1],"1":[2,2],"2":[1,1],"3":[0,45],"4":[0,0],"5":[0,0],"6":[45,0],"7":[19,26],"8":[26,0]},"_coverageSchema":"43e27e138ebf9cfc5966b082cf9a028302ed4184","hash":"ca45803f12616ff5f5e8851300d2a55146b6bea4"}
}
