TN:
SF:/home/thiagoripardo/workspace/backend-test-01/teste-1/config/express-server.js
FN:8,(anonymous_0)
FN:35,(anonymous_1)
FNF:2
FNH:2
FNDA:10,(anonymous_0)
FNDA:10,(anonymous_1)
DA:1,3
DA:2,3
DA:3,3
DA:4,3
DA:5,3
DA:6,3
DA:8,3
DA:11,10
DA:13,10
DA:16,10
DA:17,0
DA:19,10
DA:22,10
DA:25,10
DA:30,10
DA:33,10
DA:35,10
DA:36,10
DA:39,10
LF:19
LH:18
BRDA:13,0,0,10
BRDA:13,0,1,10
BRDA:16,1,0,0
BRDA:16,1,1,10
BRDA:33,2,0,10
BRDA:33,2,1,0
BRF:6
BRH:4
end_of_record
TN:
SF:/home/thiagoripardo/workspace/backend-test-01/teste-1/controllers/analisysController.js
FN:4,(anonymous_0)
FN:9,(anonymous_1)
FNF:2
FNH:2
FNDA:1,(anonymous_0)
FNDA:2,(anonymous_1)
DA:1,3
DA:4,3
DA:5,1
DA:9,3
DA:10,2
DA:11,2
LF:6
LH:6
BRDA:11,0,0,1
BRDA:11,0,1,1
BRF:2
BRH:2
end_of_record
TN:
SF:/home/thiagoripardo/workspace/backend-test-01/teste-1/controllers/userController.js
FN:4,(anonymous_0)
FN:9,(anonymous_1)
FN:37,(anonymous_2)
FNF:3
FNH:3
FNDA:4,(anonymous_0)
FNDA:68,(anonymous_1)
FNDA:2,(anonymous_2)
DA:1,3
DA:4,3
DA:5,4
DA:6,4
DA:9,4
DA:10,68
DA:11,68
DA:19,4
DA:20,1
DA:24,4
DA:25,1
DA:29,4
DA:30,1
DA:33,4
DA:37,3
DA:38,2
DA:39,2
LF:17
LH:17
BRDA:13,0,0,52
BRDA:13,0,1,16
BRDA:14,1,0,52
BRDA:14,1,1,16
BRDA:19,2,0,1
BRDA:19,2,1,3
BRDA:24,3,0,1
BRDA:24,3,1,3
BRDA:24,4,0,4
BRDA:24,4,1,1
BRDA:29,5,0,1
BRDA:29,5,1,3
BRDA:29,6,0,4
BRDA:29,6,1,1
BRDA:39,7,0,1
BRDA:39,7,1,1
BRF:16
BRH:16
end_of_record
TN:
SF:/home/thiagoripardo/workspace/backend-test-01/teste-1/routes/analisys.js
FN:3,(anonymous_0)
FNF:1
FNH:1
FNDA:10,(anonymous_0)
DA:1,3
DA:3,3
DA:6,10
DA:9,10
LF:4
LH:4
BRF:0
BRH:0
end_of_record
TN:
SF:/home/thiagoripardo/workspace/backend-test-01/teste-1/routes/root.js
FN:1,(anonymous_0)
FN:2,(anonymous_1)
FNF:2
FNH:2
FNDA:10,(anonymous_0)
FNDA:1,(anonymous_1)
DA:1,3
DA:2,10
DA:3,1
LF:3
LH:3
BRF:0
BRH:0
end_of_record
TN:
SF:/home/thiagoripardo/workspace/backend-test-01/teste-1/routes/user.js
FN:3,(anonymous_0)
FNF:1
FNH:1
FNDA:10,(anonymous_0)
DA:1,3
DA:3,3
DA:4,10
DA:6,10
LF:4
LH:4
BRF:0
BRH:0
end_of_record
TN:
SF:/home/thiagoripardo/workspace/backend-test-01/teste-1/utils/utils.js
FN:11,(anonymous_0)
FN:20,(anonymous_1)
FN:22,(anonymous_2)
FN:33,(anonymous_3)
FN:44,(anonymous_4)
FN:58,(anonymous_5)
FN:63,(anonymous_6)
FN:66,(anonymous_7)
FN:72,(anonymous_8)
FN:73,(anonymous_9)
FN:78,(anonymous_10)
FN:80,(anonymous_11)
FN:82,(anonymous_12)
FN:84,(anonymous_13)
FN:85,(anonymous_14)
FN:92,(anonymous_15)
FN:93,(anonymous_16)
FN:97,(anonymous_17)
FN:98,(anonymous_18)
FN:112,(anonymous_19)
FNF:20
FNH:20
FNDA:2,(anonymous_0)
FNDA:2,(anonymous_1)
FNDA:1006,(anonymous_2)
FNDA:1,(anonymous_3)
FNDA:2,(anonymous_4)
FNDA:4,(anonymous_5)
FNDA:2,(anonymous_6)
FNDA:2,(anonymous_7)
FNDA:68,(anonymous_8)
FNDA:640,(anonymous_9)
FNDA:52,(anonymous_10)
FNDA:1092,(anonymous_11)
FNDA:68,(anonymous_12)
FNDA:680,(anonymous_13)
FNDA:68,(anonymous_14)
FNDA:1,(anonymous_15)
FNDA:17,(anonymous_16)
FNDA:1,(anonymous_17)
FNDA:45,(anonymous_18)
FNDA:1,(anonymous_19)
DA:1,3
DA:2,3
DA:3,3
DA:4,3
DA:5,3
DA:6,3
DA:7,3
DA:8,3
DA:11,3
DA:13,2
DA:20,3
DA:21,2
DA:22,2
DA:23,1006
DA:29,2
DA:33,3
DA:34,1
DA:35,1
DA:39,1
DA:44,3
DA:45,2
DA:46,2
DA:47,1
DA:52,1
DA:54,2
DA:58,3
DA:59,4
DA:63,3
DA:65,2
DA:66,2
DA:68,2
DA:72,3
DA:73,640
DA:74,68
DA:78,3
DA:79,52
DA:80,1092
DA:82,52
DA:83,68
DA:84,680
DA:85,68
DA:88,52
DA:92,3
DA:93,17
DA:97,3
DA:98,1
DA:99,45
DA:100,45
DA:101,45
DA:102,0
DA:103,45
DA:104,45
DA:106,0
DA:112,3
DA:113,1
DA:114,1
DA:117,3
LF:57
LH:55
BRDA:46,0,0,1
BRDA:46,0,1,1
BRDA:46,1,0,2
BRDA:46,1,1,2
BRDA:65,2,0,1
BRDA:65,2,1,1
BRDA:101,3,0,0
BRDA:101,3,1,45
BRDA:102,4,0,0
BRDA:102,4,1,0
BRDA:102,5,0,0
BRDA:102,5,1,0
BRDA:103,6,0,45
BRDA:103,6,1,0
BRDA:104,7,0,19
BRDA:104,7,1,26
BRDA:104,8,0,26
BRDA:104,8,1,0
BRF:18
BRH:11
end_of_record
