TN:
SF:/home/thiagoripardo/workspace/backend-test-01/teste-1/config/express-server.js
FN:8,(anonymous_0)
FN:35,(anonymous_1)
FNF:2
FNH:2
FNDA:5,(anonymous_0)
FNDA:5,(anonymous_1)
DA:1,3
DA:2,3
DA:3,3
DA:4,3
DA:5,3
DA:6,3
DA:8,3
DA:11,5
DA:13,5
DA:16,5
DA:17,5
DA:19,5
DA:22,5
DA:25,5
DA:30,5
DA:33,5
DA:35,5
DA:36,5
DA:39,5
LF:19
LH:19
BRDA:13,0,0,5
BRDA:13,0,1,0
BRDA:16,1,0,5
BRDA:16,1,1,0
BRDA:33,2,0,5
BRDA:33,2,1,0
BRF:6
BRH:3
end_of_record
TN:
SF:/home/thiagoripardo/workspace/backend-test-01/teste-1/routes/analisys.js
FN:3,(anonymous_0)
FN:6,(anonymous_1)
FN:11,(anonymous_2)
FNF:3
FNH:3
FNDA:5,(anonymous_0)
FNDA:1,(anonymous_1)
FNDA:2,(anonymous_2)
DA:1,3
DA:3,3
DA:6,5
DA:7,1
DA:11,5
DA:12,2
DA:13,2
LF:7
LH:7
BRDA:13,0,0,1
BRDA:13,0,1,1
BRF:2
BRH:2
end_of_record
TN:
SF:/home/thiagoripardo/workspace/backend-test-01/teste-1/routes/root.js
FN:1,(anonymous_0)
FN:2,(anonymous_1)
FNF:2
FNH:2
FNDA:5,(anonymous_0)
FNDA:1,(anonymous_1)
DA:1,3
DA:2,5
DA:3,1
LF:3
LH:3
BRF:0
BRH:0
end_of_record
TN:
SF:/home/thiagoripardo/workspace/backend-test-01/teste-1/routes/users.js
FN:1,(anonymous_0)
FN:2,(anonymous_1)
FNF:2
FNH:2
FNDA:5,(anonymous_0)
FNDA:1,(anonymous_1)
DA:1,3
DA:2,5
DA:3,1
LF:3
LH:3
BRF:0
BRH:0
end_of_record
TN:
SF:/home/thiagoripardo/workspace/backend-test-01/teste-1/utils/utils.js
FN:3,(anonymous_0)
FN:8,(anonymous_1)
FN:10,(anonymous_2)
FN:21,(anonymous_3)
FN:30,(anonymous_4)
FNF:5
FNH:5
FNDA:2,(anonymous_0)
FNDA:2,(anonymous_1)
FNDA:1006,(anonymous_2)
FNDA:1,(anonymous_3)
FNDA:2,(anonymous_4)
DA:1,3
DA:3,3
DA:5,2
DA:8,3
DA:9,2
DA:10,2
DA:11,1006
DA:17,2
DA:21,3
DA:22,1
DA:23,1
DA:27,1
DA:30,3
DA:31,2
DA:32,2
DA:33,1
DA:38,1
DA:40,2
DA:43,3
LF:19
LH:19
BRDA:32,0,0,1
BRDA:32,0,1,1
BRDA:32,1,0,2
BRDA:32,1,1,2
BRF:4
BRH:4
end_of_record
